have_header: checking for sqlite3.h... -------------------- yes

"/usr/bin/clang -o conftest -I/Users/alacerda/.rvm/rubies/ruby-2.1.1-bcrypt/include/ruby-2.1.0/x86_64-darwin13.0 -I/Users/alacerda/.rvm/rubies/ruby-2.1.1-bcrypt/include/ruby-2.1.0/ruby/backward -I/Users/alacerda/.rvm/rubies/ruby-2.1.1-bcrypt/include/ruby-2.1.0 -I. -I/usr/local/include -I/opt/local/include -I/usr/include  -I/usr/local/opt/libyaml/include -I/usr/local/Cellar/readline/6.2.4/include -I/usr/local/Cellar/libksba/1.3.0/include -I/usr/local/opt/openssl/include -D_XOPEN_SOURCE -D_DARWIN_C_SOURCE -D_DARWIN_UNLIMITED_SELECT -D_REENTRANT    -O3 -fno-fast-math -ggdb3 -Wall -Wextra -Wno-unused-parameter -Wno-parentheses -Wno-long-long -Wno-missing-field-initializers -Wunused-variable -Wpointer-arith -Wwrite-strings -Wdeclaration-after-statement -Wshorten-64-to-32 -Wimplicit-function-declaration -Wdivision-by-zero -Wextra-tokens  -fno-common -pipe -Wall  -DHAVE_NO_DATETIME_NEWBANG conftest.c  -L. -L/Users/alacerda/.rvm/rubies/ruby-2.1.1-bcrypt/lib -L/usr/local/lib -L/opt/local/lib -L/usr/lib -L/usr/local/opt/libyaml/lib -L/usr/local/Cellar/readline/6.2.4/lib -L/usr/local/Cellar/libksba/1.3.0/lib -L/usr/local/opt/openssl/lib -L. -fstack-protector -L/usr/local/lib -L/usr/local/opt/libyaml/lib -L/usr/local/Cellar/readline/6.2.4/lib -L/usr/local/Cellar/libksba/1.3.0/lib -L/usr/local/opt/openssl/lib      -lruby.2.1.0  -lpthread -ldl -lobjc "
checked program was:
/* begin */
1: #include "ruby.h"
2: 
3: int main(int argc, char **argv)
4: {
5:   return 0;
6: }
/* end */

"/usr/bin/clang -E -I/Users/alacerda/.rvm/rubies/ruby-2.1.1-bcrypt/include/ruby-2.1.0/x86_64-darwin13.0 -I/Users/alacerda/.rvm/rubies/ruby-2.1.1-bcrypt/include/ruby-2.1.0/ruby/backward -I/Users/alacerda/.rvm/rubies/ruby-2.1.1-bcrypt/include/ruby-2.1.0 -I. -I/usr/local/include -I/opt/local/include -I/usr/include  -I/usr/local/opt/libyaml/include -I/usr/local/Cellar/readline/6.2.4/include -I/usr/local/Cellar/libksba/1.3.0/include -I/usr/local/opt/openssl/include -D_XOPEN_SOURCE -D_DARWIN_C_SOURCE -D_DARWIN_UNLIMITED_SELECT -D_REENTRANT    -O3 -fno-fast-math -ggdb3 -Wall -Wextra -Wno-unused-parameter -Wno-parentheses -Wno-long-long -Wno-missing-field-initializers -Wunused-variable -Wpointer-arith -Wwrite-strings -Wdeclaration-after-statement -Wshorten-64-to-32 -Wimplicit-function-declaration -Wdivision-by-zero -Wextra-tokens  -fno-common -pipe -Wall  -DHAVE_NO_DATETIME_NEWBANG  conftest.c -o conftest.i"
checked program was:
/* begin */
1: #include "ruby.h"
2: 
3: #include <sqlite3.h>
/* end */

--------------------

have_library: checking for sqlite3_open() in -lsqlite3... -------------------- yes

"/usr/bin/clang -o conftest -I/Users/alacerda/.rvm/rubies/ruby-2.1.1-bcrypt/include/ruby-2.1.0/x86_64-darwin13.0 -I/Users/alacerda/.rvm/rubies/ruby-2.1.1-bcrypt/include/ruby-2.1.0/ruby/backward -I/Users/alacerda/.rvm/rubies/ruby-2.1.1-bcrypt/include/ruby-2.1.0 -I. -I/usr/local/include -I/opt/local/include -I/usr/include  -I/usr/local/opt/libyaml/include -I/usr/local/Cellar/readline/6.2.4/include -I/usr/local/Cellar/libksba/1.3.0/include -I/usr/local/opt/openssl/include -D_XOPEN_SOURCE -D_DARWIN_C_SOURCE -D_DARWIN_UNLIMITED_SELECT -D_REENTRANT    -O3 -fno-fast-math -ggdb3 -Wall -Wextra -Wno-unused-parameter -Wno-parentheses -Wno-long-long -Wno-missing-field-initializers -Wunused-variable -Wpointer-arith -Wwrite-strings -Wdeclaration-after-statement -Wshorten-64-to-32 -Wimplicit-function-declaration -Wdivision-by-zero -Wextra-tokens  -fno-common -pipe -Wall  -DHAVE_NO_DATETIME_NEWBANG conftest.c  -L. -L/Users/alacerda/.rvm/rubies/ruby-2.1.1-bcrypt/lib -L/usr/local/lib -L/opt/local/lib -L/usr/lib -L/usr/local/opt/libyaml/lib -L/usr/local/Cellar/readline/6.2.4/lib -L/usr/local/Cellar/libksba/1.3.0/lib -L/usr/local/opt/openssl/lib -L. -fstack-protector -L/usr/local/lib -L/usr/local/opt/libyaml/lib -L/usr/local/Cellar/readline/6.2.4/lib -L/usr/local/Cellar/libksba/1.3.0/lib -L/usr/local/opt/openssl/lib      -lruby.2.1.0 -lsqlite3  -lpthread -ldl -lobjc "
conftest.c:13:57: error: use of undeclared identifier 'sqlite3_open'
int t(void) { void ((*volatile p)()); p = (void ((*)()))sqlite3_open; return 0; }
                                                        ^
1 error generated.
checked program was:
/* begin */
 1: #include "ruby.h"
 2: 
 3: /*top*/
 4: extern int t(void);
 5: int main(int argc, char **argv)
 6: {
 7:   if (argc > 1000000) {
 8:     printf("%p", &t);
 9:   }
10: 
11:   return 0;
12: }
13: int t(void) { void ((*volatile p)()); p = (void ((*)()))sqlite3_open; return 0; }
/* end */

"/usr/bin/clang -o conftest -I/Users/alacerda/.rvm/rubies/ruby-2.1.1-bcrypt/include/ruby-2.1.0/x86_64-darwin13.0 -I/Users/alacerda/.rvm/rubies/ruby-2.1.1-bcrypt/include/ruby-2.1.0/ruby/backward -I/Users/alacerda/.rvm/rubies/ruby-2.1.1-bcrypt/include/ruby-2.1.0 -I. -I/usr/local/include -I/opt/local/include -I/usr/include  -I/usr/local/opt/libyaml/include -I/usr/local/Cellar/readline/6.2.4/include -I/usr/local/Cellar/libksba/1.3.0/include -I/usr/local/opt/openssl/include -D_XOPEN_SOURCE -D_DARWIN_C_SOURCE -D_DARWIN_UNLIMITED_SELECT -D_REENTRANT    -O3 -fno-fast-math -ggdb3 -Wall -Wextra -Wno-unused-parameter -Wno-parentheses -Wno-long-long -Wno-missing-field-initializers -Wunused-variable -Wpointer-arith -Wwrite-strings -Wdeclaration-after-statement -Wshorten-64-to-32 -Wimplicit-function-declaration -Wdivision-by-zero -Wextra-tokens  -fno-common -pipe -Wall  -DHAVE_NO_DATETIME_NEWBANG conftest.c  -L. -L/Users/alacerda/.rvm/rubies/ruby-2.1.1-bcrypt/lib -L/usr/local/lib -L/opt/local/lib -L/usr/lib -L/usr/local/opt/libyaml/lib -L/usr/local/Cellar/readline/6.2.4/lib -L/usr/local/Cellar/libksba/1.3.0/lib -L/usr/local/opt/openssl/lib -L. -fstack-protector -L/usr/local/lib -L/usr/local/opt/libyaml/lib -L/usr/local/Cellar/readline/6.2.4/lib -L/usr/local/Cellar/libksba/1.3.0/lib -L/usr/local/opt/openssl/lib      -lruby.2.1.0 -lsqlite3  -lpthread -ldl -lobjc "
conftest.c:13:15: warning: implicit declaration of function 'sqlite3_open' is invalid in C99 [-Wimplicit-function-declaration]
int t(void) { sqlite3_open(); return 0; }
              ^
1 warning generated.
checked program was:
/* begin */
 1: #include "ruby.h"
 2: 
 3: /*top*/
 4: extern int t(void);
 5: int main(int argc, char **argv)
 6: {
 7:   if (argc > 1000000) {
 8:     printf("%p", &t);
 9:   }
10: 
11:   return 0;
12: }
13: int t(void) { sqlite3_open(); return 0; }
/* end */

--------------------

have_func: checking for localtime_r()... -------------------- yes

"/usr/bin/clang -o conftest -I/Users/alacerda/.rvm/rubies/ruby-2.1.1-bcrypt/include/ruby-2.1.0/x86_64-darwin13.0 -I/Users/alacerda/.rvm/rubies/ruby-2.1.1-bcrypt/include/ruby-2.1.0/ruby/backward -I/Users/alacerda/.rvm/rubies/ruby-2.1.1-bcrypt/include/ruby-2.1.0 -I. -I/usr/local/include -I/opt/local/include -I/usr/include  -I/usr/local/opt/libyaml/include -I/usr/local/Cellar/readline/6.2.4/include -I/usr/local/Cellar/libksba/1.3.0/include -I/usr/local/opt/openssl/include -D_XOPEN_SOURCE -D_DARWIN_C_SOURCE -D_DARWIN_UNLIMITED_SELECT -D_REENTRANT    -O3 -fno-fast-math -ggdb3 -Wall -Wextra -Wno-unused-parameter -Wno-parentheses -Wno-long-long -Wno-missing-field-initializers -Wunused-variable -Wpointer-arith -Wwrite-strings -Wdeclaration-after-statement -Wshorten-64-to-32 -Wimplicit-function-declaration -Wdivision-by-zero -Wextra-tokens  -fno-common -pipe -Wall  -DHAVE_NO_DATETIME_NEWBANG conftest.c  -L. -L/Users/alacerda/.rvm/rubies/ruby-2.1.1-bcrypt/lib -L/usr/local/lib -L/opt/local/lib -L/usr/lib -L/usr/local/opt/libyaml/lib -L/usr/local/Cellar/readline/6.2.4/lib -L/usr/local/Cellar/libksba/1.3.0/lib -L/usr/local/opt/openssl/lib -L. -fstack-protector -L/usr/local/lib -L/usr/local/opt/libyaml/lib -L/usr/local/Cellar/readline/6.2.4/lib -L/usr/local/Cellar/libksba/1.3.0/lib -L/usr/local/opt/openssl/lib     -lsqlite3  -lruby.2.1.0 -lsqlite3  -lpthread -ldl -lobjc "
conftest.c:13:57: error: use of undeclared identifier 'localtime_r'
int t(void) { void ((*volatile p)()); p = (void ((*)()))localtime_r; return 0; }
                                                        ^
1 error generated.
checked program was:
/* begin */
 1: #include "ruby.h"
 2: 
 3: /*top*/
 4: extern int t(void);
 5: int main(int argc, char **argv)
 6: {
 7:   if (argc > 1000000) {
 8:     printf("%p", &t);
 9:   }
10: 
11:   return 0;
12: }
13: int t(void) { void ((*volatile p)()); p = (void ((*)()))localtime_r; return 0; }
/* end */

"/usr/bin/clang -o conftest -I/Users/alacerda/.rvm/rubies/ruby-2.1.1-bcrypt/include/ruby-2.1.0/x86_64-darwin13.0 -I/Users/alacerda/.rvm/rubies/ruby-2.1.1-bcrypt/include/ruby-2.1.0/ruby/backward -I/Users/alacerda/.rvm/rubies/ruby-2.1.1-bcrypt/include/ruby-2.1.0 -I. -I/usr/local/include -I/opt/local/include -I/usr/include  -I/usr/local/opt/libyaml/include -I/usr/local/Cellar/readline/6.2.4/include -I/usr/local/Cellar/libksba/1.3.0/include -I/usr/local/opt/openssl/include -D_XOPEN_SOURCE -D_DARWIN_C_SOURCE -D_DARWIN_UNLIMITED_SELECT -D_REENTRANT    -O3 -fno-fast-math -ggdb3 -Wall -Wextra -Wno-unused-parameter -Wno-parentheses -Wno-long-long -Wno-missing-field-initializers -Wunused-variable -Wpointer-arith -Wwrite-strings -Wdeclaration-after-statement -Wshorten-64-to-32 -Wimplicit-function-declaration -Wdivision-by-zero -Wextra-tokens  -fno-common -pipe -Wall  -DHAVE_NO_DATETIME_NEWBANG conftest.c  -L. -L/Users/alacerda/.rvm/rubies/ruby-2.1.1-bcrypt/lib -L/usr/local/lib -L/opt/local/lib -L/usr/lib -L/usr/local/opt/libyaml/lib -L/usr/local/Cellar/readline/6.2.4/lib -L/usr/local/Cellar/libksba/1.3.0/lib -L/usr/local/opt/openssl/lib -L. -fstack-protector -L/usr/local/lib -L/usr/local/opt/libyaml/lib -L/usr/local/Cellar/readline/6.2.4/lib -L/usr/local/Cellar/libksba/1.3.0/lib -L/usr/local/opt/openssl/lib     -lsqlite3  -lruby.2.1.0 -lsqlite3  -lpthread -ldl -lobjc "
conftest.c:13:15: warning: implicit declaration of function 'localtime_r' is invalid in C99 [-Wimplicit-function-declaration]
int t(void) { localtime_r(); return 0; }
              ^
1 warning generated.
checked program was:
/* begin */
 1: #include "ruby.h"
 2: 
 3: /*top*/
 4: extern int t(void);
 5: int main(int argc, char **argv)
 6: {
 7:   if (argc > 1000000) {
 8:     printf("%p", &t);
 9:   }
10: 
11:   return 0;
12: }
13: int t(void) { localtime_r(); return 0; }
/* end */

--------------------

have_func: checking for gmtime_r()... -------------------- yes

"/usr/bin/clang -o conftest -I/Users/alacerda/.rvm/rubies/ruby-2.1.1-bcrypt/include/ruby-2.1.0/x86_64-darwin13.0 -I/Users/alacerda/.rvm/rubies/ruby-2.1.1-bcrypt/include/ruby-2.1.0/ruby/backward -I/Users/alacerda/.rvm/rubies/ruby-2.1.1-bcrypt/include/ruby-2.1.0 -I. -I/usr/local/include -I/opt/local/include -I/usr/include  -I/usr/local/opt/libyaml/include -I/usr/local/Cellar/readline/6.2.4/include -I/usr/local/Cellar/libksba/1.3.0/include -I/usr/local/opt/openssl/include -D_XOPEN_SOURCE -D_DARWIN_C_SOURCE -D_DARWIN_UNLIMITED_SELECT -D_REENTRANT    -O3 -fno-fast-math -ggdb3 -Wall -Wextra -Wno-unused-parameter -Wno-parentheses -Wno-long-long -Wno-missing-field-initializers -Wunused-variable -Wpointer-arith -Wwrite-strings -Wdeclaration-after-statement -Wshorten-64-to-32 -Wimplicit-function-declaration -Wdivision-by-zero -Wextra-tokens  -fno-common -pipe -Wall  -DHAVE_NO_DATETIME_NEWBANG conftest.c  -L. -L/Users/alacerda/.rvm/rubies/ruby-2.1.1-bcrypt/lib -L/usr/local/lib -L/opt/local/lib -L/usr/lib -L/usr/local/opt/libyaml/lib -L/usr/local/Cellar/readline/6.2.4/lib -L/usr/local/Cellar/libksba/1.3.0/lib -L/usr/local/opt/openssl/lib -L. -fstack-protector -L/usr/local/lib -L/usr/local/opt/libyaml/lib -L/usr/local/Cellar/readline/6.2.4/lib -L/usr/local/Cellar/libksba/1.3.0/lib -L/usr/local/opt/openssl/lib     -lsqlite3  -lruby.2.1.0 -lsqlite3  -lpthread -ldl -lobjc "
conftest.c:13:57: error: use of undeclared identifier 'gmtime_r'
int t(void) { void ((*volatile p)()); p = (void ((*)()))gmtime_r; return 0; }
                                                        ^
1 error generated.
checked program was:
/* begin */
 1: #include "ruby.h"
 2: 
 3: /*top*/
 4: extern int t(void);
 5: int main(int argc, char **argv)
 6: {
 7:   if (argc > 1000000) {
 8:     printf("%p", &t);
 9:   }
10: 
11:   return 0;
12: }
13: int t(void) { void ((*volatile p)()); p = (void ((*)()))gmtime_r; return 0; }
/* end */

"/usr/bin/clang -o conftest -I/Users/alacerda/.rvm/rubies/ruby-2.1.1-bcrypt/include/ruby-2.1.0/x86_64-darwin13.0 -I/Users/alacerda/.rvm/rubies/ruby-2.1.1-bcrypt/include/ruby-2.1.0/ruby/backward -I/Users/alacerda/.rvm/rubies/ruby-2.1.1-bcrypt/include/ruby-2.1.0 -I. -I/usr/local/include -I/opt/local/include -I/usr/include  -I/usr/local/opt/libyaml/include -I/usr/local/Cellar/readline/6.2.4/include -I/usr/local/Cellar/libksba/1.3.0/include -I/usr/local/opt/openssl/include -D_XOPEN_SOURCE -D_DARWIN_C_SOURCE -D_DARWIN_UNLIMITED_SELECT -D_REENTRANT    -O3 -fno-fast-math -ggdb3 -Wall -Wextra -Wno-unused-parameter -Wno-parentheses -Wno-long-long -Wno-missing-field-initializers -Wunused-variable -Wpointer-arith -Wwrite-strings -Wdeclaration-after-statement -Wshorten-64-to-32 -Wimplicit-function-declaration -Wdivision-by-zero -Wextra-tokens  -fno-common -pipe -Wall  -DHAVE_NO_DATETIME_NEWBANG conftest.c  -L. -L/Users/alacerda/.rvm/rubies/ruby-2.1.1-bcrypt/lib -L/usr/local/lib -L/opt/local/lib -L/usr/lib -L/usr/local/opt/libyaml/lib -L/usr/local/Cellar/readline/6.2.4/lib -L/usr/local/Cellar/libksba/1.3.0/lib -L/usr/local/opt/openssl/lib -L. -fstack-protector -L/usr/local/lib -L/usr/local/opt/libyaml/lib -L/usr/local/Cellar/readline/6.2.4/lib -L/usr/local/Cellar/libksba/1.3.0/lib -L/usr/local/opt/openssl/lib     -lsqlite3  -lruby.2.1.0 -lsqlite3  -lpthread -ldl -lobjc "
conftest.c:13:15: warning: implicit declaration of function 'gmtime_r' is invalid in C99 [-Wimplicit-function-declaration]
int t(void) { gmtime_r(); return 0; }
              ^
1 warning generated.
checked program was:
/* begin */
 1: #include "ruby.h"
 2: 
 3: /*top*/
 4: extern int t(void);
 5: int main(int argc, char **argv)
 6: {
 7:   if (argc > 1000000) {
 8:     printf("%p", &t);
 9:   }
10: 
11:   return 0;
12: }
13: int t(void) { gmtime_r(); return 0; }
/* end */

--------------------

have_func: checking for sqlite3_prepare_v2()... -------------------- yes

"/usr/bin/clang -o conftest -I/Users/alacerda/.rvm/rubies/ruby-2.1.1-bcrypt/include/ruby-2.1.0/x86_64-darwin13.0 -I/Users/alacerda/.rvm/rubies/ruby-2.1.1-bcrypt/include/ruby-2.1.0/ruby/backward -I/Users/alacerda/.rvm/rubies/ruby-2.1.1-bcrypt/include/ruby-2.1.0 -I. -I/usr/local/include -I/opt/local/include -I/usr/include  -I/usr/local/opt/libyaml/include -I/usr/local/Cellar/readline/6.2.4/include -I/usr/local/Cellar/libksba/1.3.0/include -I/usr/local/opt/openssl/include -D_XOPEN_SOURCE -D_DARWIN_C_SOURCE -D_DARWIN_UNLIMITED_SELECT -D_REENTRANT    -O3 -fno-fast-math -ggdb3 -Wall -Wextra -Wno-unused-parameter -Wno-parentheses -Wno-long-long -Wno-missing-field-initializers -Wunused-variable -Wpointer-arith -Wwrite-strings -Wdeclaration-after-statement -Wshorten-64-to-32 -Wimplicit-function-declaration -Wdivision-by-zero -Wextra-tokens  -fno-common -pipe -Wall  -DHAVE_NO_DATETIME_NEWBANG conftest.c  -L. -L/Users/alacerda/.rvm/rubies/ruby-2.1.1-bcrypt/lib -L/usr/local/lib -L/opt/local/lib -L/usr/lib -L/usr/local/opt/libyaml/lib -L/usr/local/Cellar/readline/6.2.4/lib -L/usr/local/Cellar/libksba/1.3.0/lib -L/usr/local/opt/openssl/lib -L. -fstack-protector -L/usr/local/lib -L/usr/local/opt/libyaml/lib -L/usr/local/Cellar/readline/6.2.4/lib -L/usr/local/Cellar/libksba/1.3.0/lib -L/usr/local/opt/openssl/lib     -lsqlite3  -lruby.2.1.0 -lsqlite3  -lpthread -ldl -lobjc "
conftest.c:13:57: error: use of undeclared identifier 'sqlite3_prepare_v2'
int t(void) { void ((*volatile p)()); p = (void ((*)()))sqlite3_prepare_v2; return 0; }
                                                        ^
1 error generated.
checked program was:
/* begin */
 1: #include "ruby.h"
 2: 
 3: /*top*/
 4: extern int t(void);
 5: int main(int argc, char **argv)
 6: {
 7:   if (argc > 1000000) {
 8:     printf("%p", &t);
 9:   }
10: 
11:   return 0;
12: }
13: int t(void) { void ((*volatile p)()); p = (void ((*)()))sqlite3_prepare_v2; return 0; }
/* end */

"/usr/bin/clang -o conftest -I/Users/alacerda/.rvm/rubies/ruby-2.1.1-bcrypt/include/ruby-2.1.0/x86_64-darwin13.0 -I/Users/alacerda/.rvm/rubies/ruby-2.1.1-bcrypt/include/ruby-2.1.0/ruby/backward -I/Users/alacerda/.rvm/rubies/ruby-2.1.1-bcrypt/include/ruby-2.1.0 -I. -I/usr/local/include -I/opt/local/include -I/usr/include  -I/usr/local/opt/libyaml/include -I/usr/local/Cellar/readline/6.2.4/include -I/usr/local/Cellar/libksba/1.3.0/include -I/usr/local/opt/openssl/include -D_XOPEN_SOURCE -D_DARWIN_C_SOURCE -D_DARWIN_UNLIMITED_SELECT -D_REENTRANT    -O3 -fno-fast-math -ggdb3 -Wall -Wextra -Wno-unused-parameter -Wno-parentheses -Wno-long-long -Wno-missing-field-initializers -Wunused-variable -Wpointer-arith -Wwrite-strings -Wdeclaration-after-statement -Wshorten-64-to-32 -Wimplicit-function-declaration -Wdivision-by-zero -Wextra-tokens  -fno-common -pipe -Wall  -DHAVE_NO_DATETIME_NEWBANG conftest.c  -L. -L/Users/alacerda/.rvm/rubies/ruby-2.1.1-bcrypt/lib -L/usr/local/lib -L/opt/local/lib -L/usr/lib -L/usr/local/opt/libyaml/lib -L/usr/local/Cellar/readline/6.2.4/lib -L/usr/local/Cellar/libksba/1.3.0/lib -L/usr/local/opt/openssl/lib -L. -fstack-protector -L/usr/local/lib -L/usr/local/opt/libyaml/lib -L/usr/local/Cellar/readline/6.2.4/lib -L/usr/local/Cellar/libksba/1.3.0/lib -L/usr/local/opt/openssl/lib     -lsqlite3  -lruby.2.1.0 -lsqlite3  -lpthread -ldl -lobjc "
conftest.c:13:15: warning: implicit declaration of function 'sqlite3_prepare_v2' is invalid in C99 [-Wimplicit-function-declaration]
int t(void) { sqlite3_prepare_v2(); return 0; }
              ^
1 warning generated.
checked program was:
/* begin */
 1: #include "ruby.h"
 2: 
 3: /*top*/
 4: extern int t(void);
 5: int main(int argc, char **argv)
 6: {
 7:   if (argc > 1000000) {
 8:     printf("%p", &t);
 9:   }
10: 
11:   return 0;
12: }
13: int t(void) { sqlite3_prepare_v2(); return 0; }
/* end */

--------------------

have_func: checking for sqlite3_open_v2()... -------------------- yes

"/usr/bin/clang -o conftest -I/Users/alacerda/.rvm/rubies/ruby-2.1.1-bcrypt/include/ruby-2.1.0/x86_64-darwin13.0 -I/Users/alacerda/.rvm/rubies/ruby-2.1.1-bcrypt/include/ruby-2.1.0/ruby/backward -I/Users/alacerda/.rvm/rubies/ruby-2.1.1-bcrypt/include/ruby-2.1.0 -I. -I/usr/local/include -I/opt/local/include -I/usr/include  -I/usr/local/opt/libyaml/include -I/usr/local/Cellar/readline/6.2.4/include -I/usr/local/Cellar/libksba/1.3.0/include -I/usr/local/opt/openssl/include -D_XOPEN_SOURCE -D_DARWIN_C_SOURCE -D_DARWIN_UNLIMITED_SELECT -D_REENTRANT    -O3 -fno-fast-math -ggdb3 -Wall -Wextra -Wno-unused-parameter -Wno-parentheses -Wno-long-long -Wno-missing-field-initializers -Wunused-variable -Wpointer-arith -Wwrite-strings -Wdeclaration-after-statement -Wshorten-64-to-32 -Wimplicit-function-declaration -Wdivision-by-zero -Wextra-tokens  -fno-common -pipe -Wall  -DHAVE_NO_DATETIME_NEWBANG conftest.c  -L. -L/Users/alacerda/.rvm/rubies/ruby-2.1.1-bcrypt/lib -L/usr/local/lib -L/opt/local/lib -L/usr/lib -L/usr/local/opt/libyaml/lib -L/usr/local/Cellar/readline/6.2.4/lib -L/usr/local/Cellar/libksba/1.3.0/lib -L/usr/local/opt/openssl/lib -L. -fstack-protector -L/usr/local/lib -L/usr/local/opt/libyaml/lib -L/usr/local/Cellar/readline/6.2.4/lib -L/usr/local/Cellar/libksba/1.3.0/lib -L/usr/local/opt/openssl/lib     -lsqlite3  -lruby.2.1.0 -lsqlite3  -lpthread -ldl -lobjc "
conftest.c:13:57: error: use of undeclared identifier 'sqlite3_open_v2'
int t(void) { void ((*volatile p)()); p = (void ((*)()))sqlite3_open_v2; return 0; }
                                                        ^
1 error generated.
checked program was:
/* begin */
 1: #include "ruby.h"
 2: 
 3: /*top*/
 4: extern int t(void);
 5: int main(int argc, char **argv)
 6: {
 7:   if (argc > 1000000) {
 8:     printf("%p", &t);
 9:   }
10: 
11:   return 0;
12: }
13: int t(void) { void ((*volatile p)()); p = (void ((*)()))sqlite3_open_v2; return 0; }
/* end */

"/usr/bin/clang -o conftest -I/Users/alacerda/.rvm/rubies/ruby-2.1.1-bcrypt/include/ruby-2.1.0/x86_64-darwin13.0 -I/Users/alacerda/.rvm/rubies/ruby-2.1.1-bcrypt/include/ruby-2.1.0/ruby/backward -I/Users/alacerda/.rvm/rubies/ruby-2.1.1-bcrypt/include/ruby-2.1.0 -I. -I/usr/local/include -I/opt/local/include -I/usr/include  -I/usr/local/opt/libyaml/include -I/usr/local/Cellar/readline/6.2.4/include -I/usr/local/Cellar/libksba/1.3.0/include -I/usr/local/opt/openssl/include -D_XOPEN_SOURCE -D_DARWIN_C_SOURCE -D_DARWIN_UNLIMITED_SELECT -D_REENTRANT    -O3 -fno-fast-math -ggdb3 -Wall -Wextra -Wno-unused-parameter -Wno-parentheses -Wno-long-long -Wno-missing-field-initializers -Wunused-variable -Wpointer-arith -Wwrite-strings -Wdeclaration-after-statement -Wshorten-64-to-32 -Wimplicit-function-declaration -Wdivision-by-zero -Wextra-tokens  -fno-common -pipe -Wall  -DHAVE_NO_DATETIME_NEWBANG conftest.c  -L. -L/Users/alacerda/.rvm/rubies/ruby-2.1.1-bcrypt/lib -L/usr/local/lib -L/opt/local/lib -L/usr/lib -L/usr/local/opt/libyaml/lib -L/usr/local/Cellar/readline/6.2.4/lib -L/usr/local/Cellar/libksba/1.3.0/lib -L/usr/local/opt/openssl/lib -L. -fstack-protector -L/usr/local/lib -L/usr/local/opt/libyaml/lib -L/usr/local/Cellar/readline/6.2.4/lib -L/usr/local/Cellar/libksba/1.3.0/lib -L/usr/local/opt/openssl/lib     -lsqlite3  -lruby.2.1.0 -lsqlite3  -lpthread -ldl -lobjc "
conftest.c:13:15: warning: implicit declaration of function 'sqlite3_open_v2' is invalid in C99 [-Wimplicit-function-declaration]
int t(void) { sqlite3_open_v2(); return 0; }
              ^
1 warning generated.
checked program was:
/* begin */
 1: #include "ruby.h"
 2: 
 3: /*top*/
 4: extern int t(void);
 5: int main(int argc, char **argv)
 6: {
 7:   if (argc > 1000000) {
 8:     printf("%p", &t);
 9:   }
10: 
11:   return 0;
12: }
13: int t(void) { sqlite3_open_v2(); return 0; }
/* end */

--------------------

have_func: checking for sqlite3_enable_load_extension()... -------------------- no

"/usr/bin/clang -o conftest -I/Users/alacerda/.rvm/rubies/ruby-2.1.1-bcrypt/include/ruby-2.1.0/x86_64-darwin13.0 -I/Users/alacerda/.rvm/rubies/ruby-2.1.1-bcrypt/include/ruby-2.1.0/ruby/backward -I/Users/alacerda/.rvm/rubies/ruby-2.1.1-bcrypt/include/ruby-2.1.0 -I. -I/usr/local/include -I/opt/local/include -I/usr/include  -I/usr/local/opt/libyaml/include -I/usr/local/Cellar/readline/6.2.4/include -I/usr/local/Cellar/libksba/1.3.0/include -I/usr/local/opt/openssl/include -D_XOPEN_SOURCE -D_DARWIN_C_SOURCE -D_DARWIN_UNLIMITED_SELECT -D_REENTRANT    -O3 -fno-fast-math -ggdb3 -Wall -Wextra -Wno-unused-parameter -Wno-parentheses -Wno-long-long -Wno-missing-field-initializers -Wunused-variable -Wpointer-arith -Wwrite-strings -Wdeclaration-after-statement -Wshorten-64-to-32 -Wimplicit-function-declaration -Wdivision-by-zero -Wextra-tokens  -fno-common -pipe -Wall  -DHAVE_NO_DATETIME_NEWBANG conftest.c  -L. -L/Users/alacerda/.rvm/rubies/ruby-2.1.1-bcrypt/lib -L/usr/local/lib -L/opt/local/lib -L/usr/lib -L/usr/local/opt/libyaml/lib -L/usr/local/Cellar/readline/6.2.4/lib -L/usr/local/Cellar/libksba/1.3.0/lib -L/usr/local/opt/openssl/lib -L. -fstack-protector -L/usr/local/lib -L/usr/local/opt/libyaml/lib -L/usr/local/Cellar/readline/6.2.4/lib -L/usr/local/Cellar/libksba/1.3.0/lib -L/usr/local/opt/openssl/lib     -lsqlite3  -lruby.2.1.0 -lsqlite3  -lpthread -ldl -lobjc "
conftest.c:13:57: error: use of undeclared identifier 'sqlite3_enable_load_extension'
int t(void) { void ((*volatile p)()); p = (void ((*)()))sqlite3_enable_load_extension; return 0; }
                                                        ^
1 error generated.
checked program was:
/* begin */
 1: #include "ruby.h"
 2: 
 3: /*top*/
 4: extern int t(void);
 5: int main(int argc, char **argv)
 6: {
 7:   if (argc > 1000000) {
 8:     printf("%p", &t);
 9:   }
10: 
11:   return 0;
12: }
13: int t(void) { void ((*volatile p)()); p = (void ((*)()))sqlite3_enable_load_extension; return 0; }
/* end */

"/usr/bin/clang -o conftest -I/Users/alacerda/.rvm/rubies/ruby-2.1.1-bcrypt/include/ruby-2.1.0/x86_64-darwin13.0 -I/Users/alacerda/.rvm/rubies/ruby-2.1.1-bcrypt/include/ruby-2.1.0/ruby/backward -I/Users/alacerda/.rvm/rubies/ruby-2.1.1-bcrypt/include/ruby-2.1.0 -I. -I/usr/local/include -I/opt/local/include -I/usr/include  -I/usr/local/opt/libyaml/include -I/usr/local/Cellar/readline/6.2.4/include -I/usr/local/Cellar/libksba/1.3.0/include -I/usr/local/opt/openssl/include -D_XOPEN_SOURCE -D_DARWIN_C_SOURCE -D_DARWIN_UNLIMITED_SELECT -D_REENTRANT    -O3 -fno-fast-math -ggdb3 -Wall -Wextra -Wno-unused-parameter -Wno-parentheses -Wno-long-long -Wno-missing-field-initializers -Wunused-variable -Wpointer-arith -Wwrite-strings -Wdeclaration-after-statement -Wshorten-64-to-32 -Wimplicit-function-declaration -Wdivision-by-zero -Wextra-tokens  -fno-common -pipe -Wall  -DHAVE_NO_DATETIME_NEWBANG conftest.c  -L. -L/Users/alacerda/.rvm/rubies/ruby-2.1.1-bcrypt/lib -L/usr/local/lib -L/opt/local/lib -L/usr/lib -L/usr/local/opt/libyaml/lib -L/usr/local/Cellar/readline/6.2.4/lib -L/usr/local/Cellar/libksba/1.3.0/lib -L/usr/local/opt/openssl/lib -L. -fstack-protector -L/usr/local/lib -L/usr/local/opt/libyaml/lib -L/usr/local/Cellar/readline/6.2.4/lib -L/usr/local/Cellar/libksba/1.3.0/lib -L/usr/local/opt/openssl/lib     -lsqlite3  -lruby.2.1.0 -lsqlite3  -lpthread -ldl -lobjc "
conftest.c:13:15: warning: implicit declaration of function 'sqlite3_enable_load_extension' is invalid in C99 [-Wimplicit-function-declaration]
int t(void) { sqlite3_enable_load_extension(); return 0; }
              ^
1 warning generated.
Undefined symbols for architecture x86_64:
  "_sqlite3_enable_load_extension", referenced from:
      _t in conftest-3ae89f.o
ld: symbol(s) not found for architecture x86_64
clang: error: linker command failed with exit code 1 (use -v to see invocation)
checked program was:
/* begin */
 1: #include "ruby.h"
 2: 
 3: /*top*/
 4: extern int t(void);
 5: int main(int argc, char **argv)
 6: {
 7:   if (argc > 1000000) {
 8:     printf("%p", &t);
 9:   }
10: 
11:   return 0;
12: }
13: int t(void) { sqlite3_enable_load_extension(); return 0; }
/* end */

--------------------

